<?xml version="1.0" encoding="UTF-8"?>
<!-- Generated by org.testng.reporters.JUnitReportReporter -->
<testsuite hostname="hp" failures="0" tests="4" name="com.clarion_Promise.TestCases.LoginTest" time="36.221" errors="0" timestamp="2020-09-08T13:08:46 IST" skipped="0">
  <testcase classname="com.clarion_Promise.TestCases.LoginTest" name="SearchPromise" time="3.075"/>
  <system-out/>
  <testcase classname="com.clarion_Promise.TestCases.LoginTest" name="AddPromiseTest" time="3.083"/>
  <system-out/>
  <testcase classname="com.clarion_Promise.TestCases.LoginTest" name="LogPromisePage" time="27.866"/>
  <system-out/>
  <testcase classname="com.clarion_Promise.TestCases.LoginTest" name="LoginTest" time="2.197"/>
  <system-out/>
</testsuite> <!-- com.clarion_Promise.TestCases.LoginTest -->
